Progress: resolved 0, reused 1, downloaded 0, added 0

   ╭──────────────────────────────────────────╮
   │                                          │
   │   Update available! 10.30.1 → 10.30.3.   │
   │   Changelog: https://pnpm.io/v/10.30.3   │
   │     To update, run: pnpm self-update     │
   │                                          │
   ╰──────────────────────────────────────────╯

Progress: resolved 18, reused 18, downloaded 0, added 0
Progress: resolved 19, reused 18, downloaded 0, added 0
Packages: +2 -1
++-
Progress: resolved 184, reused 181, downloaded 0, added 0
Progress: resolved 184, reused 181, downloaded 1, added 1
Progress: resolved 184, reused 181, downloaded 2, added 1
Progress: resolved 184, reused 181, downloaded 2, added 2, done

dependencies:
- @prisma/client 6.19.2
+ @prisma/client 7.4.2

╭ Warning ─────────────────────────────────────────────────────────────────────╮
│                                                                              │
│   Ignored build scripts: bcrypt@6.0.0.                                       │
│   Run "pnpm approve-builds" to pick which dependencies should be allowed     │
│   to run scripts.                                                            │
│                                                                              │
╰──────────────────────────────────────────────────────────────────────────────╯
Done in 8.4s using pnpm v10.30.1
