warn The configuration property `package.json#prisma` is deprecated and will be removed in Prisma 7. Please migrate to a Prisma config file (e.g., `prisma.config.ts`).
For more information, see: https://pris.ly/prisma-config

Loaded Prisma config from prisma.config.ts.

warn The Prisma config file in prisma.config.ts overrides the deprecated `package.json#prisma` property in package.json.
  For more information, see: https://pris.ly/prisma-config

Prisma config detected, skipping environment variable loading.
Prisma schema loaded from prisma/schema.prisma
Error: Prisma schema validation - (get-config wasm)
Error code: P1012
error: Argument "url" is missing in data source block "db".
  -->  prisma/schema.prisma:5
   | 
 4 | 
 5 | datasource db {
 6 |   provider = "postgresql"
 7 |   // url      = env("DATABASE_URL")
 8 | }
   | 

Validation Error Count: 1
[Context: getConfig]

Prisma CLI Version : 6.19.2
