🚀 Starting Registration & Plan Verification...
📝 Registering user: testuser_1772619020390@example.com
✅ User registered with ID: cmmbvlk5e0000ijv01z3yrqyd
🔍 Checking for generated plan...
✅ Plan found! ID: cmmbvn21x0002ijv0z3hfvrpp
📅 Plan Period: 2026-03-04T10:11:33.088Z to 2026-04-01T10:11:33.088Z
✅ 16 sessions were pre-populated.

--- Plan JSON Structure Preview ---
Version: 2
Keys in Plan JSON: input, weeks, version, basePlan, exerciseLibrary

Sample Week 1 (Day 1) Exercises:
[
  {
    "rpe": 7,
    "note": "Initial session - find your baseline load.",
    "reps": "6-10",
    "sets": 3,
    "weight": 0,
    "muscleId": 12,
    "intensity": 72.5,
    "patternId": 30,
    "exerciseId": "0772d068-41f0-4331-9ce2-022b464a9206"
  },
  {
    "rpe": 7,
    "note": "Initial session - find your baseline load.",
    "reps": "6-10",
    "sets": 3,
    "weight": 0,
    "muscleId": 11,
    "intensity": 72.5,
    "patternId": 3,
    "exerciseId": "325e441d-99b0-4752-a368-b32662c751c9"
  }
]

--- API Info ---
Endpoint: GET /api/plans/active
Authentication: Required (Bearer Token)
