[dotenv@17.3.1] injecting env (0) from .env -- tip: ⚙️  suppress all logs with { quiet: true }
🚀 Starting Registration & Plan Verification...
📝 Registering user: testuser_1772622950221@example.com
👤 UserService: Registering user testuser_1772622950221@example.com...
📅 UserService: Automatically generating plan for user cmmbxxrto0000ij44l3fi1m5r...
🤖 PlanService: Generating optimized plan for user cmmbxxrto0000ij44l3fi1m5r...
🔨 Compiling plan (v2) for user cmmbxxrto0000ij44l3fi1m5r...
[SplitEngine] No UPPER_LOWER split found for 4 days, falling back to any split.
[ExerciseSelector] Searching for pattern: "HORIZONTAL_PULL"
[ExerciseSelector] Equipment allowed: ["Barbell","Dumbbells","Kettlebells","Cable Machine","Flat Bench","Incline Bench","Decline Bench","Pull-up Bar","Squat Rack","Leg Press Machine","Smith Machine","Lat Pulldown Machine","Dip Bar","Barbell","Dumbbells","Kettlebells","Cable Machine","Flat Bench","Incline Bench","Decline Bench","Pull-up Bar","Squat Rack","Leg Press Machine","Smith Machine","Lat Pulldown Machine","Dip Bar"]
[ExerciseSelector] Options: {"type":"COMPOUND","level":"INTERMEDIATE","environment":"GYM"}
[ExerciseSelector] Query returned 6 total possible exercises
[ExerciseSelector] First 3 results: Barbell Reverse Grip Incline Bench Row, Barbell Incline Row, Smith Bent Over Row
✅ [PlanCompiler] Selected "Barbell Reverse Grip Incline Bench Row" for pattern "HORIZONTAL_PULL"
📚 [PlanCompiler] Adding "Barbell Reverse Grip Incline Bench Row" to exercise library
[ExerciseSelector] Searching for pattern: "HORIZONTAL_PUSH"
[ExerciseSelector] Equipment allowed: ["Barbell","Dumbbells","Kettlebells","Cable Machine","Flat Bench","Incline Bench","Decline Bench","Pull-up Bar","Squat Rack","Leg Press Machine","Smith Machine","Lat Pulldown Machine","Dip Bar","Barbell","Dumbbells","Kettlebells","Cable Machine","Flat Bench","Incline Bench","Decline Bench","Pull-up Bar","Squat Rack","Leg Press Machine","Smith Machine","Lat Pulldown Machine","Dip Bar"]
[ExerciseSelector] Options: {"type":"COMPOUND","level":"INTERMEDIATE","environment":"GYM"}
[ExerciseSelector] Query returned 6 total possible exercises
[ExerciseSelector] First 3 results: Barbell Wide Reverse Grip Bench Press, Barbell Lying Close-Grip Press, Dumbbell Bench Press
✅ [PlanCompiler] Selected "Barbell Wide Reverse Grip Bench Press" for pattern "HORIZONTAL_PUSH"
📚 [PlanCompiler] Adding "Barbell Wide Reverse Grip Bench Press" to exercise library
[ExerciseSelector] Searching for pattern: "SQUAT"
[ExerciseSelector] Equipment allowed: ["Barbell","Dumbbells","Kettlebells","Cable Machine","Flat Bench","Incline Bench","Decline Bench","Pull-up Bar","Squat Rack","Leg Press Machine","Smith Machine","Lat Pulldown Machine","Dip Bar","Barbell","Dumbbells","Kettlebells","Cable Machine","Flat Bench","Incline Bench","Decline Bench","Pull-up Bar","Squat Rack","Leg Press Machine","Smith Machine","Lat Pulldown Machine","Dip Bar"]
[ExerciseSelector] Options: {"type":"COMPOUND","level":"INTERMEDIATE","environment":"GYM"}
[ExerciseSelector] Query returned 6 total possible exercises
[ExerciseSelector] First 3 results: Barbell Speed Squat, Barbell Full Squat (Back POV), Smith Chair Squat
✅ [PlanCompiler] Selected "Barbell Speed Squat" for pattern "SQUAT"
📚 [PlanCompiler] Adding "Barbell Speed Squat" to exercise library
[ExerciseSelector] Searching for pattern: "BICEP_CURL_ARC"
[ExerciseSelector] Equipment allowed: ["Barbell","Dumbbells","Kettlebells","Cable Machine","Flat Bench","Incline Bench","Decline Bench","Pull-up Bar","Squat Rack","Leg Press Machine","Smith Machine","Lat Pulldown Machine","Dip Bar","Barbell","Dumbbells","Kettlebells","Cable Machine","Flat Bench","Incline Bench","Decline Bench","Pull-up Bar","Squat Rack","Leg Press Machine","Smith Machine","Lat Pulldown Machine","Dip Bar"]
[ExerciseSelector] Options: {"type":"COMPOUND","level":"INTERMEDIATE","environment":"GYM"}
[ExerciseSelector] Query returned 0 total possible exercises
[ExerciseSelector] Retrying BICEP_CURL_ARC without type restriction...
[ExerciseSelector] Searching for pattern: "BICEP_CURL_ARC"
[ExerciseSelector] Equipment allowed: ["Barbell","Dumbbells","Kettlebells","Cable Machine","Flat Bench","Incline Bench","Decline Bench","Pull-up Bar","Squat Rack","Leg Press Machine","Smith Machine","Lat Pulldown Machine","Dip Bar","Barbell","Dumbbells","Kettlebells","Cable Machine","Flat Bench","Incline Bench","Decline Bench","Pull-up Bar","Squat Rack","Leg Press Machine","Smith Machine","Lat Pulldown Machine","Dip Bar"]
[ExerciseSelector] Options: {"level":"INTERMEDIATE","environment":"GYM"}
[ExerciseSelector] Query returned 8 total possible exercises
[ExerciseSelector] First 3 results: Barbell Drag Curl, Dumbbell Incline Biceps Curl, Barbell Standing Close Grip Curl
✅ [PlanCompiler] Selected "Barbell Drag Curl" for pattern "BICEP_CURL_ARC"
📚 [PlanCompiler] Adding "Barbell Drag Curl" to exercise library
[ExerciseSelector] Searching for pattern: "PLANTAR_FLEXION"
[ExerciseSelector] Equipment allowed: ["Barbell","Dumbbells","Kettlebells","Cable Machine","Flat Bench","Incline Bench","Decline Bench","Pull-up Bar","Squat Rack","Leg Press Machine","Smith Machine","Lat Pulldown Machine","Dip Bar","Barbell","Dumbbells","Kettlebells","Cable Machine","Flat Bench","Incline Bench","Decline Bench","Pull-up Bar","Squat Rack","Leg Press Machine","Smith Machine","Lat Pulldown Machine","Dip Bar"]
[ExerciseSelector] Options: {"type":"COMPOUND","level":"INTERMEDIATE","environment":"GYM"}
[ExerciseSelector] Query returned 0 total possible exercises
[ExerciseSelector] Retrying PLANTAR_FLEXION without type restriction...
[ExerciseSelector] Searching for pattern: "PLANTAR_FLEXION"
[ExerciseSelector] Equipment allowed: ["Barbell","Dumbbells","Kettlebells","Cable Machine","Flat Bench","Incline Bench","Decline Bench","Pull-up Bar","Squat Rack","Leg Press Machine","Smith Machine","Lat Pulldown Machine","Dip Bar","Barbell","Dumbbells","Kettlebells","Cable Machine","Flat Bench","Incline Bench","Decline Bench","Pull-up Bar","Squat Rack","Leg Press Machine","Smith Machine","Lat Pulldown Machine","Dip Bar"]
[ExerciseSelector] Options: {"level":"INTERMEDIATE","environment":"GYM"}
[ExerciseSelector] Query returned 3 total possible exercises
[ExerciseSelector] First 3 results: Barbell Standing Calf Raise, Barbell Floor Calf Raise, Sled Calf Press on Leg Press
✅ [PlanCompiler] Selected "Barbell Standing Calf Raise" for pattern "PLANTAR_FLEXION"
📚 [PlanCompiler] Adding "Barbell Standing Calf Raise" to exercise library
[ExerciseSelector] Searching for pattern: "HINGE"
[ExerciseSelector] Equipment allowed: ["Barbell","Dumbbells","Kettlebells","Cable Machine","Flat Bench","Incline Bench","Decline Bench","Pull-up Bar","Squat Rack","Leg Press Machine","Smith Machine","Lat Pulldown Machine","Dip Bar","Barbell","Dumbbells","Kettlebells","Cable Machine","Flat Bench","Incline Bench","Decline Bench","Pull-up Bar","Squat Rack","Leg Press Machine","Smith Machine","Lat Pulldown Machine","Dip Bar"]
[ExerciseSelector] Options: {"type":"COMPOUND","level":"INTERMEDIATE","environment":"GYM"}
[ExerciseSelector] Query returned 4 total possible exercises
[ExerciseSelector] First 3 results: Barbell Romanian Deadlift, Barbell Stiff Leg Good Morning, Dumbbell Straight Leg Deadlift
✅ [PlanCompiler] Selected "Barbell Romanian Deadlift" for pattern "HINGE"
📚 [PlanCompiler] Adding "Barbell Romanian Deadlift" to exercise library
[ExerciseSelector] Searching for pattern: "OVERHEAD_ARC"
[ExerciseSelector] Equipment allowed: ["Barbell","Dumbbells","Kettlebells","Cable Machine","Flat Bench","Incline Bench","Decline Bench","Pull-up Bar","Squat Rack","Leg Press Machine","Smith Machine","Lat Pulldown Machine","Dip Bar","Barbell","Dumbbells","Kettlebells","Cable Machine","Flat Bench","Incline Bench","Decline Bench","Pull-up Bar","Squat Rack","Leg Press Machine","Smith Machine","Lat Pulldown Machine","Dip Bar"]
[ExerciseSelector] Options: {"type":"COMPOUND","level":"INTERMEDIATE","environment":"GYM"}
[ExerciseSelector] Query returned 1 total possible exercises
[ExerciseSelector] First 3 results: Barbell Front Raise and Pullover
✅ [PlanCompiler] Selected "Barbell Front Raise and Pullover" for pattern "OVERHEAD_ARC"
📚 [PlanCompiler] Adding "Barbell Front Raise and Pullover" to exercise library
[ExerciseSelector] Searching for pattern: "VERTICAL_PUSH"
[ExerciseSelector] Equipment allowed: ["Barbell","Dumbbells","Kettlebells","Cable Machine","Flat Bench","Incline Bench","Decline Bench","Pull-up Bar","Squat Rack","Leg Press Machine","Smith Machine","Lat Pulldown Machine","Dip Bar","Barbell","Dumbbells","Kettlebells","Cable Machine","Flat Bench","Incline Bench","Decline Bench","Pull-up Bar","Squat Rack","Leg Press Machine","Smith Machine","Lat Pulldown Machine","Dip Bar"]
[ExerciseSelector] Options: {"type":"COMPOUND","level":"INTERMEDIATE","environment":"GYM"}
[ExerciseSelector] Query returned 2 total possible exercises
[ExerciseSelector] First 3 results: Barbell Standing Close Grip Military Press, Dumbbell Standing Alternate Overhead Press
✅ [PlanCompiler] Selected "Barbell Standing Close Grip Military Press" for pattern "VERTICAL_PUSH"
📚 [PlanCompiler] Adding "Barbell Standing Close Grip Military Press" to exercise library
[ExerciseSelector] Searching for pattern: "HINGE"
[ExerciseSelector] Equipment allowed: ["Barbell","Dumbbells","Kettlebells","Cable Machine","Flat Bench","Incline Bench","Decline Bench","Pull-up Bar","Squat Rack","Leg Press Machine","Smith Machine","Lat Pulldown Machine","Dip Bar","Barbell","Dumbbells","Kettlebells","Cable Machine","Flat Bench","Incline Bench","Decline Bench","Pull-up Bar","Squat Rack","Leg Press Machine","Smith Machine","Lat Pulldown Machine","Dip Bar"]
[ExerciseSelector] Options: {"type":"COMPOUND","level":"INTERMEDIATE","environment":"GYM"}
[ExerciseSelector] Query returned 4 total possible exercises
[ExerciseSelector] First 3 results: Barbell Romanian Deadlift, Barbell Stiff Leg Good Morning, Dumbbell Straight Leg Deadlift
✅ [PlanCompiler] Selected "Barbell Stiff Leg Good Morning" for pattern "HINGE"
📚 [PlanCompiler] Adding "Barbell Stiff Leg Good Morning" to exercise library
[ExerciseSelector] Searching for pattern: "HORIZONTAL_PULL"
[ExerciseSelector] Equipment allowed: ["Barbell","Dumbbells","Kettlebells","Cable Machine","Flat Bench","Incline Bench","Decline Bench","Pull-up Bar","Squat Rack","Leg Press Machine","Smith Machine","Lat Pulldown Machine","Dip Bar","Barbell","Dumbbells","Kettlebells","Cable Machine","Flat Bench","Incline Bench","Decline Bench","Pull-up Bar","Squat Rack","Leg Press Machine","Smith Machine","Lat Pulldown Machine","Dip Bar"]
[ExerciseSelector] Options: {"type":"ISOLATION","level":"INTERMEDIATE","environment":"GYM"}
[ExerciseSelector] Query returned 0 total possible exercises
⚠️ [PlanCompiler] No exercises found for pattern "HORIZONTAL_PULL" (Type: ISOLATION, Level: INTERMEDIATE, Env: GYM)
[ExerciseSelector] Searching for pattern: "HORIZONTAL_PUSH"
[ExerciseSelector] Equipment allowed: ["Barbell","Dumbbells","Kettlebells","Cable Machine","Flat Bench","Incline Bench","Decline Bench","Pull-up Bar","Squat Rack","Leg Press Machine","Smith Machine","Lat Pulldown Machine","Dip Bar","Barbell","Dumbbells","Kettlebells","Cable Machine","Flat Bench","Incline Bench","Decline Bench","Pull-up Bar","Squat Rack","Leg Press Machine","Smith Machine","Lat Pulldown Machine","Dip Bar"]
[ExerciseSelector] Options: {"type":"ISOLATION","level":"INTERMEDIATE","environment":"GYM"}
[ExerciseSelector] Query returned 0 total possible exercises
⚠️ [PlanCompiler] No exercises found for pattern "HORIZONTAL_PUSH" (Type: ISOLATION, Level: INTERMEDIATE, Env: GYM)
[ExerciseSelector] Searching for pattern: "HORIZONTAL_PULL"
[ExerciseSelector] Equipment allowed: ["Barbell","Dumbbells","Kettlebells","Cable Machine","Flat Bench","Incline Bench","Decline Bench","Pull-up Bar","Squat Rack","Leg Press Machine","Smith Machine","Lat Pulldown Machine","Dip Bar","Barbell","Dumbbells","Kettlebells","Cable Machine","Flat Bench","Incline Bench","Decline Bench","Pull-up Bar","Squat Rack","Leg Press Machine","Smith Machine","Lat Pulldown Machine","Dip Bar"]
[ExerciseSelector] Options: {"type":"COMPOUND","level":"INTERMEDIATE","environment":"GYM"}
[ExerciseSelector] Query returned 6 total possible exercises
[ExerciseSelector] First 3 results: Barbell Reverse Grip Incline Bench Row, Barbell Incline Row, Smith Bent Over Row
✅ [PlanCompiler] Selected "Barbell Reverse Grip Incline Bench Row" for pattern "HORIZONTAL_PULL"
[ExerciseSelector] Searching for pattern: "HORIZONTAL_PUSH"
[ExerciseSelector] Equipment allowed: ["Barbell","Dumbbells","Kettlebells","Cable Machine","Flat Bench","Incline Bench","Decline Bench","Pull-up Bar","Squat Rack","Leg Press Machine","Smith Machine","Lat Pulldown Machine","Dip Bar","Barbell","Dumbbells","Kettlebells","Cable Machine","Flat Bench","Incline Bench","Decline Bench","Pull-up Bar","Squat Rack","Leg Press Machine","Smith Machine","Lat Pulldown Machine","Dip Bar"]
[ExerciseSelector] Options: {"type":"COMPOUND","level":"INTERMEDIATE","environment":"GYM"}
[ExerciseSelector] Query returned 6 total possible exercises
[ExerciseSelector] First 3 results: Barbell Wide Reverse Grip Bench Press, Barbell Lying Close-Grip Press, Dumbbell Bench Press
✅ [PlanCompiler] Selected "Barbell Wide Reverse Grip Bench Press" for pattern "HORIZONTAL_PUSH"
[ExerciseSelector] Searching for pattern: "SQUAT"
[ExerciseSelector] Equipment allowed: ["Barbell","Dumbbells","Kettlebells","Cable Machine","Flat Bench","Incline Bench","Decline Bench","Pull-up Bar","Squat Rack","Leg Press Machine","Smith Machine","Lat Pulldown Machine","Dip Bar","Barbell","Dumbbells","Kettlebells","Cable Machine","Flat Bench","Incline Bench","Decline Bench","Pull-up Bar","Squat Rack","Leg Press Machine","Smith Machine","Lat Pulldown Machine","Dip Bar"]
[ExerciseSelector] Options: {"type":"COMPOUND","level":"INTERMEDIATE","environment":"GYM"}
[ExerciseSelector] Query returned 6 total possible exercises
[ExerciseSelector] First 3 results: Barbell Speed Squat, Barbell Full Squat (Back POV), Smith Chair Squat
✅ [PlanCompiler] Selected "Barbell Speed Squat" for pattern "SQUAT"
[ExerciseSelector] Searching for pattern: "BICEP_CURL_ARC"
[ExerciseSelector] Equipment allowed: ["Barbell","Dumbbells","Kettlebells","Cable Machine","Flat Bench","Incline Bench","Decline Bench","Pull-up Bar","Squat Rack","Leg Press Machine","Smith Machine","Lat Pulldown Machine","Dip Bar","Barbell","Dumbbells","Kettlebells","Cable Machine","Flat Bench","Incline Bench","Decline Bench","Pull-up Bar","Squat Rack","Leg Press Machine","Smith Machine","Lat Pulldown Machine","Dip Bar"]
[ExerciseSelector] Options: {"type":"COMPOUND","level":"INTERMEDIATE","environment":"GYM"}
[ExerciseSelector] Query returned 0 total possible exercises
[ExerciseSelector] Retrying BICEP_CURL_ARC without type restriction...
[ExerciseSelector] Searching for pattern: "BICEP_CURL_ARC"
[ExerciseSelector] Equipment allowed: ["Barbell","Dumbbells","Kettlebells","Cable Machine","Flat Bench","Incline Bench","Decline Bench","Pull-up Bar","Squat Rack","Leg Press Machine","Smith Machine","Lat Pulldown Machine","Dip Bar","Barbell","Dumbbells","Kettlebells","Cable Machine","Flat Bench","Incline Bench","Decline Bench","Pull-up Bar","Squat Rack","Leg Press Machine","Smith Machine","Lat Pulldown Machine","Dip Bar"]
[ExerciseSelector] Options: {"level":"INTERMEDIATE","environment":"GYM"}
[ExerciseSelector] Query returned 8 total possible exercises
[ExerciseSelector] First 3 results: Barbell Drag Curl, Dumbbell Incline Biceps Curl, Barbell Standing Close Grip Curl
✅ [PlanCompiler] Selected "Barbell Drag Curl" for pattern "BICEP_CURL_ARC"
[ExerciseSelector] Searching for pattern: "PLANTAR_FLEXION"
[ExerciseSelector] Equipment allowed: ["Barbell","Dumbbells","Kettlebells","Cable Machine","Flat Bench","Incline Bench","Decline Bench","Pull-up Bar","Squat Rack","Leg Press Machine","Smith Machine","Lat Pulldown Machine","Dip Bar","Barbell","Dumbbells","Kettlebells","Cable Machine","Flat Bench","Incline Bench","Decline Bench","Pull-up Bar","Squat Rack","Leg Press Machine","Smith Machine","Lat Pulldown Machine","Dip Bar"]
[ExerciseSelector] Options: {"type":"COMPOUND","level":"INTERMEDIATE","environment":"GYM"}
[ExerciseSelector] Query returned 0 total possible exercises
[ExerciseSelector] Retrying PLANTAR_FLEXION without type restriction...
[ExerciseSelector] Searching for pattern: "PLANTAR_FLEXION"
[ExerciseSelector] Equipment allowed: ["Barbell","Dumbbells","Kettlebells","Cable Machine","Flat Bench","Incline Bench","Decline Bench","Pull-up Bar","Squat Rack","Leg Press Machine","Smith Machine","Lat Pulldown Machine","Dip Bar","Barbell","Dumbbells","Kettlebells","Cable Machine","Flat Bench","Incline Bench","Decline Bench","Pull-up Bar","Squat Rack","Leg Press Machine","Smith Machine","Lat Pulldown Machine","Dip Bar"]
[ExerciseSelector] Options: {"level":"INTERMEDIATE","environment":"GYM"}
[ExerciseSelector] Query returned 3 total possible exercises
[ExerciseSelector] First 3 results: Barbell Standing Calf Raise, Barbell Floor Calf Raise, Sled Calf Press on Leg Press
✅ [PlanCompiler] Selected "Barbell Standing Calf Raise" for pattern "PLANTAR_FLEXION"
[ExerciseSelector] Searching for pattern: "HINGE"
[ExerciseSelector] Equipment allowed: ["Barbell","Dumbbells","Kettlebells","Cable Machine","Flat Bench","Incline Bench","Decline Bench","Pull-up Bar","Squat Rack","Leg Press Machine","Smith Machine","Lat Pulldown Machine","Dip Bar","Barbell","Dumbbells","Kettlebells","Cable Machine","Flat Bench","Incline Bench","Decline Bench","Pull-up Bar","Squat Rack","Leg Press Machine","Smith Machine","Lat Pulldown Machine","Dip Bar"]
[ExerciseSelector] Options: {"type":"COMPOUND","level":"INTERMEDIATE","environment":"GYM"}
[ExerciseSelector] Query returned 4 total possible exercises
[ExerciseSelector] First 3 results: Barbell Romanian Deadlift, Barbell Stiff Leg Good Morning, Dumbbell Straight Leg Deadlift
✅ [PlanCompiler] Selected "Barbell Romanian Deadlift" for pattern "HINGE"
[ExerciseSelector] Searching for pattern: "OVERHEAD_ARC"
[ExerciseSelector] Equipment allowed: ["Barbell","Dumbbells","Kettlebells","Cable Machine","Flat Bench","Incline Bench","Decline Bench","Pull-up Bar","Squat Rack","Leg Press Machine","Smith Machine","Lat Pulldown Machine","Dip Bar","Barbell","Dumbbells","Kettlebells","Cable Machine","Flat Bench","Incline Bench","Decline Bench","Pull-up Bar","Squat Rack","Leg Press Machine","Smith Machine","Lat Pulldown Machine","Dip Bar"]
[ExerciseSelector] Options: {"type":"COMPOUND","level":"INTERMEDIATE","environment":"GYM"}
[ExerciseSelector] Query returned 1 total possible exercises
[ExerciseSelector] First 3 results: Barbell Front Raise and Pullover
✅ [PlanCompiler] Selected "Barbell Front Raise and Pullover" for pattern "OVERHEAD_ARC"
[ExerciseSelector] Searching for pattern: "VERTICAL_PUSH"
[ExerciseSelector] Equipment allowed: ["Barbell","Dumbbells","Kettlebells","Cable Machine","Flat Bench","Incline Bench","Decline Bench","Pull-up Bar","Squat Rack","Leg Press Machine","Smith Machine","Lat Pulldown Machine","Dip Bar","Barbell","Dumbbells","Kettlebells","Cable Machine","Flat Bench","Incline Bench","Decline Bench","Pull-up Bar","Squat Rack","Leg Press Machine","Smith Machine","Lat Pulldown Machine","Dip Bar"]
[ExerciseSelector] Options: {"type":"COMPOUND","level":"INTERMEDIATE","environment":"GYM"}
[ExerciseSelector] Query returned 2 total possible exercises
[ExerciseSelector] First 3 results: Barbell Standing Close Grip Military Press, Dumbbell Standing Alternate Overhead Press
✅ [PlanCompiler] Selected "Barbell Standing Close Grip Military Press" for pattern "VERTICAL_PUSH"
[ExerciseSelector] Searching for pattern: "HINGE"
[ExerciseSelector] Equipment allowed: ["Barbell","Dumbbells","Kettlebells","Cable Machine","Flat Bench","Incline Bench","Decline Bench","Pull-up Bar","Squat Rack","Leg Press Machine","Smith Machine","Lat Pulldown Machine","Dip Bar","Barbell","Dumbbells","Kettlebells","Cable Machine","Flat Bench","Incline Bench","Decline Bench","Pull-up Bar","Squat Rack","Leg Press Machine","Smith Machine","Lat Pulldown Machine","Dip Bar"]
[ExerciseSelector] Options: {"type":"COMPOUND","level":"INTERMEDIATE","environment":"GYM"}
[ExerciseSelector] Query returned 4 total possible exercises
[ExerciseSelector] First 3 results: Barbell Romanian Deadlift, Barbell Stiff Leg Good Morning, Dumbbell Straight Leg Deadlift
✅ [PlanCompiler] Selected "Barbell Stiff Leg Good Morning" for pattern "HINGE"
[ExerciseSelector] Searching for pattern: "HORIZONTAL_PULL"
[ExerciseSelector] Equipment allowed: ["Barbell","Dumbbells","Kettlebells","Cable Machine","Flat Bench","Incline Bench","Decline Bench","Pull-up Bar","Squat Rack","Leg Press Machine","Smith Machine","Lat Pulldown Machine","Dip Bar","Barbell","Dumbbells","Kettlebells","Cable Machine","Flat Bench","Incline Bench","Decline Bench","Pull-up Bar","Squat Rack","Leg Press Machine","Smith Machine","Lat Pulldown Machine","Dip Bar"]
[ExerciseSelector] Options: {"type":"ISOLATION","level":"INTERMEDIATE","environment":"GYM"}
[ExerciseSelector] Query returned 0 total possible exercises
⚠️ [PlanCompiler] No exercises found for pattern "HORIZONTAL_PULL" (Type: ISOLATION, Level: INTERMEDIATE, Env: GYM)
[ExerciseSelector] Searching for pattern: "HORIZONTAL_PULL"
[ExerciseSelector] Equipment allowed: ["Barbell","Dumbbells","Kettlebells","Cable Machine","Flat Bench","Incline Bench","Decline Bench","Pull-up Bar","Squat Rack","Leg Press Machine","Smith Machine","Lat Pulldown Machine","Dip Bar","Barbell","Dumbbells","Kettlebells","Cable Machine","Flat Bench","Incline Bench","Decline Bench","Pull-up Bar","Squat Rack","Leg Press Machine","Smith Machine","Lat Pulldown Machine","Dip Bar"]
[ExerciseSelector] Options: {"type":"COMPOUND","level":"INTERMEDIATE","environment":"GYM"}
[ExerciseSelector] Query returned 6 total possible exercises
[ExerciseSelector] First 3 results: Barbell Reverse Grip Incline Bench Row, Barbell Incline Row, Smith Bent Over Row
✅ [PlanCompiler] Selected "Barbell Reverse Grip Incline Bench Row" for pattern "HORIZONTAL_PULL"
[ExerciseSelector] Searching for pattern: "HORIZONTAL_PUSH"
[ExerciseSelector] Equipment allowed: ["Barbell","Dumbbells","Kettlebells","Cable Machine","Flat Bench","Incline Bench","Decline Bench","Pull-up Bar","Squat Rack","Leg Press Machine","Smith Machine","Lat Pulldown Machine","Dip Bar","Barbell","Dumbbells","Kettlebells","Cable Machine","Flat Bench","Incline Bench","Decline Bench","Pull-up Bar","Squat Rack","Leg Press Machine","Smith Machine","Lat Pulldown Machine","Dip Bar"]
[ExerciseSelector] Options: {"type":"COMPOUND","level":"INTERMEDIATE","environment":"GYM"}
[ExerciseSelector] Query returned 6 total possible exercises
[ExerciseSelector] First 3 results: Barbell Wide Reverse Grip Bench Press, Barbell Lying Close-Grip Press, Dumbbell Bench Press
✅ [PlanCompiler] Selected "Barbell Wide Reverse Grip Bench Press" for pattern "HORIZONTAL_PUSH"
[ExerciseSelector] Searching for pattern: "SQUAT"
[ExerciseSelector] Equipment allowed: ["Barbell","Dumbbells","Kettlebells","Cable Machine","Flat Bench","Incline Bench","Decline Bench","Pull-up Bar","Squat Rack","Leg Press Machine","Smith Machine","Lat Pulldown Machine","Dip Bar","Barbell","Dumbbells","Kettlebells","Cable Machine","Flat Bench","Incline Bench","Decline Bench","Pull-up Bar","Squat Rack","Leg Press Machine","Smith Machine","Lat Pulldown Machine","Dip Bar"]
[ExerciseSelector] Options: {"type":"COMPOUND","level":"INTERMEDIATE","environment":"GYM"}
[ExerciseSelector] Query returned 6 total possible exercises
[ExerciseSelector] First 3 results: Barbell Speed Squat, Barbell Full Squat (Back POV), Smith Chair Squat
✅ [PlanCompiler] Selected "Barbell Speed Squat" for pattern "SQUAT"
[ExerciseSelector] Searching for pattern: "BICEP_CURL_ARC"
[ExerciseSelector] Equipment allowed: ["Barbell","Dumbbells","Kettlebells","Cable Machine","Flat Bench","Incline Bench","Decline Bench","Pull-up Bar","Squat Rack","Leg Press Machine","Smith Machine","Lat Pulldown Machine","Dip Bar","Barbell","Dumbbells","Kettlebells","Cable Machine","Flat Bench","Incline Bench","Decline Bench","Pull-up Bar","Squat Rack","Leg Press Machine","Smith Machine","Lat Pulldown Machine","Dip Bar"]
[ExerciseSelector] Options: {"type":"COMPOUND","level":"INTERMEDIATE","environment":"GYM"}
[ExerciseSelector] Query returned 0 total possible exercises
[ExerciseSelector] Retrying BICEP_CURL_ARC without type restriction...
[ExerciseSelector] Searching for pattern: "BICEP_CURL_ARC"
[ExerciseSelector] Equipment allowed: ["Barbell","Dumbbells","Kettlebells","Cable Machine","Flat Bench","Incline Bench","Decline Bench","Pull-up Bar","Squat Rack","Leg Press Machine","Smith Machine","Lat Pulldown Machine","Dip Bar","Barbell","Dumbbells","Kettlebells","Cable Machine","Flat Bench","Incline Bench","Decline Bench","Pull-up Bar","Squat Rack","Leg Press Machine","Smith Machine","Lat Pulldown Machine","Dip Bar"]
[ExerciseSelector] Options: {"level":"INTERMEDIATE","environment":"GYM"}
[ExerciseSelector] Query returned 8 total possible exercises
[ExerciseSelector] First 3 results: Barbell Drag Curl, Dumbbell Incline Biceps Curl, Barbell Standing Close Grip Curl
✅ [PlanCompiler] Selected "Barbell Drag Curl" for pattern "BICEP_CURL_ARC"
[ExerciseSelector] Searching for pattern: "PLANTAR_FLEXION"
[ExerciseSelector] Equipment allowed: ["Barbell","Dumbbells","Kettlebells","Cable Machine","Flat Bench","Incline Bench","Decline Bench","Pull-up Bar","Squat Rack","Leg Press Machine","Smith Machine","Lat Pulldown Machine","Dip Bar","Barbell","Dumbbells","Kettlebells","Cable Machine","Flat Bench","Incline Bench","Decline Bench","Pull-up Bar","Squat Rack","Leg Press Machine","Smith Machine","Lat Pulldown Machine","Dip Bar"]
[ExerciseSelector] Options: {"type":"COMPOUND","level":"INTERMEDIATE","environment":"GYM"}
[ExerciseSelector] Query returned 0 total possible exercises
[ExerciseSelector] Retrying PLANTAR_FLEXION without type restriction...
[ExerciseSelector] Searching for pattern: "PLANTAR_FLEXION"
[ExerciseSelector] Equipment allowed: ["Barbell","Dumbbells","Kettlebells","Cable Machine","Flat Bench","Incline Bench","Decline Bench","Pull-up Bar","Squat Rack","Leg Press Machine","Smith Machine","Lat Pulldown Machine","Dip Bar","Barbell","Dumbbells","Kettlebells","Cable Machine","Flat Bench","Incline Bench","Decline Bench","Pull-up Bar","Squat Rack","Leg Press Machine","Smith Machine","Lat Pulldown Machine","Dip Bar"]
[ExerciseSelector] Options: {"level":"INTERMEDIATE","environment":"GYM"}
[ExerciseSelector] Query returned 3 total possible exercises
[ExerciseSelector] First 3 results: Barbell Standing Calf Raise, Barbell Floor Calf Raise, Sled Calf Press on Leg Press
✅ [PlanCompiler] Selected "Barbell Standing Calf Raise" for pattern "PLANTAR_FLEXION"
[ExerciseSelector] Searching for pattern: "HINGE"
[ExerciseSelector] Equipment allowed: ["Barbell","Dumbbells","Kettlebells","Cable Machine","Flat Bench","Incline Bench","Decline Bench","Pull-up Bar","Squat Rack","Leg Press Machine","Smith Machine","Lat Pulldown Machine","Dip Bar","Barbell","Dumbbells","Kettlebells","Cable Machine","Flat Bench","Incline Bench","Decline Bench","Pull-up Bar","Squat Rack","Leg Press Machine","Smith Machine","Lat Pulldown Machine","Dip Bar"]
[ExerciseSelector] Options: {"type":"COMPOUND","level":"INTERMEDIATE","environment":"GYM"}
[ExerciseSelector] Query returned 4 total possible exercises
[ExerciseSelector] First 3 results: Barbell Romanian Deadlift, Barbell Stiff Leg Good Morning, Dumbbell Straight Leg Deadlift
✅ [PlanCompiler] Selected "Barbell Romanian Deadlift" for pattern "HINGE"
[ExerciseSelector] Searching for pattern: "OVERHEAD_ARC"
[ExerciseSelector] Equipment allowed: ["Barbell","Dumbbells","Kettlebells","Cable Machine","Flat Bench","Incline Bench","Decline Bench","Pull-up Bar","Squat Rack","Leg Press Machine","Smith Machine","Lat Pulldown Machine","Dip Bar","Barbell","Dumbbells","Kettlebells","Cable Machine","Flat Bench","Incline Bench","Decline Bench","Pull-up Bar","Squat Rack","Leg Press Machine","Smith Machine","Lat Pulldown Machine","Dip Bar"]
[ExerciseSelector] Options: {"type":"COMPOUND","level":"INTERMEDIATE","environment":"GYM"}
[ExerciseSelector] Query returned 1 total possible exercises
[ExerciseSelector] First 3 results: Barbell Front Raise and Pullover
✅ [PlanCompiler] Selected "Barbell Front Raise and Pullover" for pattern "OVERHEAD_ARC"
[ExerciseSelector] Searching for pattern: "VERTICAL_PUSH"
[ExerciseSelector] Equipment allowed: ["Barbell","Dumbbells","Kettlebells","Cable Machine","Flat Bench","Incline Bench","Decline Bench","Pull-up Bar","Squat Rack","Leg Press Machine","Smith Machine","Lat Pulldown Machine","Dip Bar","Barbell","Dumbbells","Kettlebells","Cable Machine","Flat Bench","Incline Bench","Decline Bench","Pull-up Bar","Squat Rack","Leg Press Machine","Smith Machine","Lat Pulldown Machine","Dip Bar"]
[ExerciseSelector] Options: {"type":"COMPOUND","level":"INTERMEDIATE","environment":"GYM"}
[ExerciseSelector] Query returned 2 total possible exercises
[ExerciseSelector] First 3 results: Barbell Standing Close Grip Military Press, Dumbbell Standing Alternate Overhead Press
✅ [PlanCompiler] Selected "Barbell Standing Close Grip Military Press" for pattern "VERTICAL_PUSH"
[ExerciseSelector] Searching for pattern: "HINGE"
[ExerciseSelector] Equipment allowed: ["Barbell","Dumbbells","Kettlebells","Cable Machine","Flat Bench","Incline Bench","Decline Bench","Pull-up Bar","Squat Rack","Leg Press Machine","Smith Machine","Lat Pulldown Machine","Dip Bar","Barbell","Dumbbells","Kettlebells","Cable Machine","Flat Bench","Incline Bench","Decline Bench","Pull-up Bar","Squat Rack","Leg Press Machine","Smith Machine","Lat Pulldown Machine","Dip Bar"]
[ExerciseSelector] Options: {"type":"COMPOUND","level":"INTERMEDIATE","environment":"GYM"}
[ExerciseSelector] Query returned 4 total possible exercises
[ExerciseSelector] First 3 results: Barbell Romanian Deadlift, Barbell Stiff Leg Good Morning, Dumbbell Straight Leg Deadlift
✅ [PlanCompiler] Selected "Barbell Stiff Leg Good Morning" for pattern "HINGE"
[ExerciseSelector] Searching for pattern: "HORIZONTAL_PULL"
[ExerciseSelector] Equipment allowed: ["Barbell","Dumbbells","Kettlebells","Cable Machine","Flat Bench","Incline Bench","Decline Bench","Pull-up Bar","Squat Rack","Leg Press Machine","Smith Machine","Lat Pulldown Machine","Dip Bar","Barbell","Dumbbells","Kettlebells","Cable Machine","Flat Bench","Incline Bench","Decline Bench","Pull-up Bar","Squat Rack","Leg Press Machine","Smith Machine","Lat Pulldown Machine","Dip Bar"]
[ExerciseSelector] Options: {"type":"ISOLATION","level":"INTERMEDIATE","environment":"GYM"}
[ExerciseSelector] Query returned 0 total possible exercises
⚠️ [PlanCompiler] No exercises found for pattern "HORIZONTAL_PULL" (Type: ISOLATION, Level: INTERMEDIATE, Env: GYM)
[ExerciseSelector] Searching for pattern: "HORIZONTAL_PULL"
[ExerciseSelector] Equipment allowed: ["Barbell","Dumbbells","Kettlebells","Cable Machine","Flat Bench","Incline Bench","Decline Bench","Pull-up Bar","Squat Rack","Leg Press Machine","Smith Machine","Lat Pulldown Machine","Dip Bar","Barbell","Dumbbells","Kettlebells","Cable Machine","Flat Bench","Incline Bench","Decline Bench","Pull-up Bar","Squat Rack","Leg Press Machine","Smith Machine","Lat Pulldown Machine","Dip Bar"]
[ExerciseSelector] Options: {"type":"COMPOUND","level":"INTERMEDIATE","environment":"GYM"}
[ExerciseSelector] Query returned 6 total possible exercises
[ExerciseSelector] First 3 results: Barbell Reverse Grip Incline Bench Row, Barbell Incline Row, Smith Bent Over Row
✅ [PlanCompiler] Selected "Barbell Reverse Grip Incline Bench Row" for pattern "HORIZONTAL_PULL"
[ExerciseSelector] Searching for pattern: "HORIZONTAL_PUSH"
[ExerciseSelector] Equipment allowed: ["Barbell","Dumbbells","Kettlebells","Cable Machine","Flat Bench","Incline Bench","Decline Bench","Pull-up Bar","Squat Rack","Leg Press Machine","Smith Machine","Lat Pulldown Machine","Dip Bar","Barbell","Dumbbells","Kettlebells","Cable Machine","Flat Bench","Incline Bench","Decline Bench","Pull-up Bar","Squat Rack","Leg Press Machine","Smith Machine","Lat Pulldown Machine","Dip Bar"]
[ExerciseSelector] Options: {"type":"COMPOUND","level":"INTERMEDIATE","environment":"GYM"}
[ExerciseSelector] Query returned 6 total possible exercises
[ExerciseSelector] First 3 results: Barbell Wide Reverse Grip Bench Press, Barbell Lying Close-Grip Press, Dumbbell Bench Press
✅ [PlanCompiler] Selected "Barbell Wide Reverse Grip Bench Press" for pattern "HORIZONTAL_PUSH"
[ExerciseSelector] Searching for pattern: "SQUAT"
[ExerciseSelector] Equipment allowed: ["Barbell","Dumbbells","Kettlebells","Cable Machine","Flat Bench","Incline Bench","Decline Bench","Pull-up Bar","Squat Rack","Leg Press Machine","Smith Machine","Lat Pulldown Machine","Dip Bar","Barbell","Dumbbells","Kettlebells","Cable Machine","Flat Bench","Incline Bench","Decline Bench","Pull-up Bar","Squat Rack","Leg Press Machine","Smith Machine","Lat Pulldown Machine","Dip Bar"]
[ExerciseSelector] Options: {"type":"COMPOUND","level":"INTERMEDIATE","environment":"GYM"}
[ExerciseSelector] Query returned 6 total possible exercises
[ExerciseSelector] First 3 results: Barbell Speed Squat, Barbell Full Squat (Back POV), Smith Chair Squat
✅ [PlanCompiler] Selected "Barbell Speed Squat" for pattern "SQUAT"
[ExerciseSelector] Searching for pattern: "BICEP_CURL_ARC"
[ExerciseSelector] Equipment allowed: ["Barbell","Dumbbells","Kettlebells","Cable Machine","Flat Bench","Incline Bench","Decline Bench","Pull-up Bar","Squat Rack","Leg Press Machine","Smith Machine","Lat Pulldown Machine","Dip Bar","Barbell","Dumbbells","Kettlebells","Cable Machine","Flat Bench","Incline Bench","Decline Bench","Pull-up Bar","Squat Rack","Leg Press Machine","Smith Machine","Lat Pulldown Machine","Dip Bar"]
[ExerciseSelector] Options: {"type":"COMPOUND","level":"INTERMEDIATE","environment":"GYM"}
[ExerciseSelector] Query returned 0 total possible exercises
[ExerciseSelector] Retrying BICEP_CURL_ARC without type restriction...
[ExerciseSelector] Searching for pattern: "BICEP_CURL_ARC"
[ExerciseSelector] Equipment allowed: ["Barbell","Dumbbells","Kettlebells","Cable Machine","Flat Bench","Incline Bench","Decline Bench","Pull-up Bar","Squat Rack","Leg Press Machine","Smith Machine","Lat Pulldown Machine","Dip Bar","Barbell","Dumbbells","Kettlebells","Cable Machine","Flat Bench","Incline Bench","Decline Bench","Pull-up Bar","Squat Rack","Leg Press Machine","Smith Machine","Lat Pulldown Machine","Dip Bar"]
[ExerciseSelector] Options: {"level":"INTERMEDIATE","environment":"GYM"}
[ExerciseSelector] Query returned 8 total possible exercises
[ExerciseSelector] First 3 results: Barbell Drag Curl, Dumbbell Incline Biceps Curl, Barbell Standing Close Grip Curl
✅ [PlanCompiler] Selected "Barbell Drag Curl" for pattern "BICEP_CURL_ARC"
[ExerciseSelector] Searching for pattern: "HINGE"
[ExerciseSelector] Equipment allowed: ["Barbell","Dumbbells","Kettlebells","Cable Machine","Flat Bench","Incline Bench","Decline Bench","Pull-up Bar","Squat Rack","Leg Press Machine","Smith Machine","Lat Pulldown Machine","Dip Bar","Barbell","Dumbbells","Kettlebells","Cable Machine","Flat Bench","Incline Bench","Decline Bench","Pull-up Bar","Squat Rack","Leg Press Machine","Smith Machine","Lat Pulldown Machine","Dip Bar"]
[ExerciseSelector] Options: {"type":"COMPOUND","level":"INTERMEDIATE","environment":"GYM"}
[ExerciseSelector] Query returned 4 total possible exercises
[ExerciseSelector] First 3 results: Barbell Romanian Deadlift, Barbell Stiff Leg Good Morning, Dumbbell Straight Leg Deadlift
✅ [PlanCompiler] Selected "Barbell Romanian Deadlift" for pattern "HINGE"
[ExerciseSelector] Searching for pattern: "OVERHEAD_ARC"
[ExerciseSelector] Equipment allowed: ["Barbell","Dumbbells","Kettlebells","Cable Machine","Flat Bench","Incline Bench","Decline Bench","Pull-up Bar","Squat Rack","Leg Press Machine","Smith Machine","Lat Pulldown Machine","Dip Bar","Barbell","Dumbbells","Kettlebells","Cable Machine","Flat Bench","Incline Bench","Decline Bench","Pull-up Bar","Squat Rack","Leg Press Machine","Smith Machine","Lat Pulldown Machine","Dip Bar"]
[ExerciseSelector] Options: {"type":"COMPOUND","level":"INTERMEDIATE","environment":"GYM"}
[ExerciseSelector] Query returned 1 total possible exercises
[ExerciseSelector] First 3 results: Barbell Front Raise and Pullover
✅ [PlanCompiler] Selected "Barbell Front Raise and Pullover" for pattern "OVERHEAD_ARC"
[ExerciseSelector] Searching for pattern: "VERTICAL_PUSH"
[ExerciseSelector] Equipment allowed: ["Barbell","Dumbbells","Kettlebells","Cable Machine","Flat Bench","Incline Bench","Decline Bench","Pull-up Bar","Squat Rack","Leg Press Machine","Smith Machine","Lat Pulldown Machine","Dip Bar","Barbell","Dumbbells","Kettlebells","Cable Machine","Flat Bench","Incline Bench","Decline Bench","Pull-up Bar","Squat Rack","Leg Press Machine","Smith Machine","Lat Pulldown Machine","Dip Bar"]
[ExerciseSelector] Options: {"type":"COMPOUND","level":"INTERMEDIATE","environment":"GYM"}
[ExerciseSelector] Query returned 2 total possible exercises
[ExerciseSelector] First 3 results: Barbell Standing Close Grip Military Press, Dumbbell Standing Alternate Overhead Press
✅ [PlanCompiler] Selected "Barbell Standing Close Grip Military Press" for pattern "VERTICAL_PUSH"
[ExerciseSelector] Searching for pattern: "HINGE"
[ExerciseSelector] Equipment allowed: ["Barbell","Dumbbells","Kettlebells","Cable Machine","Flat Bench","Incline Bench","Decline Bench","Pull-up Bar","Squat Rack","Leg Press Machine","Smith Machine","Lat Pulldown Machine","Dip Bar","Barbell","Dumbbells","Kettlebells","Cable Machine","Flat Bench","Incline Bench","Decline Bench","Pull-up Bar","Squat Rack","Leg Press Machine","Smith Machine","Lat Pulldown Machine","Dip Bar"]
[ExerciseSelector] Options: {"type":"COMPOUND","level":"INTERMEDIATE","environment":"GYM"}
[ExerciseSelector] Query returned 4 total possible exercises
[ExerciseSelector] First 3 results: Barbell Romanian Deadlift, Barbell Stiff Leg Good Morning, Dumbbell Straight Leg Deadlift
✅ [PlanCompiler] Selected "Barbell Stiff Leg Good Morning" for pattern "HINGE"
[ExerciseSelector] Searching for pattern: "PLANTAR_FLEXION"
[ExerciseSelector] Equipment allowed: ["Barbell","Dumbbells","Kettlebells","Cable Machine","Flat Bench","Incline Bench","Decline Bench","Pull-up Bar","Squat Rack","Leg Press Machine","Smith Machine","Lat Pulldown Machine","Dip Bar","Barbell","Dumbbells","Kettlebells","Cable Machine","Flat Bench","Incline Bench","Decline Bench","Pull-up Bar","Squat Rack","Leg Press Machine","Smith Machine","Lat Pulldown Machine","Dip Bar"]
[ExerciseSelector] Options: {"type":"ISOLATION","level":"INTERMEDIATE","environment":"GYM"}
[ExerciseSelector] Query returned 3 total possible exercises
[ExerciseSelector] First 3 results: Barbell Standing Calf Raise, Barbell Floor Calf Raise, Sled Calf Press on Leg Press
✅ [PlanCompiler] Selected "Barbell Standing Calf Raise" for pattern "PLANTAR_FLEXION"
✅ [PlanCompiler] Plan compilation complete for user cmmbxxrto0000ij44l3fi1m5r
✅ PlanService: Created optimized plan cmmby2dd90002ij44hri6ysyj with 16 sessions.
✅ UserService: Auto-plan generated for user cmmbxxrto0000ij44l3fi1m5r
✅ User registered with ID: cmmbxxrto0000ij44l3fi1m5r
🔍 Checking for generated plan...
✅ Plan found! ID: cmmby2dd90002ij44hri6ysyj
📅 Plan Period: 2026-03-04T11:19:26.826Z to 2026-04-01T11:19:26.826Z
✅ 16 sessions were pre-populated.

--- Plan JSON Structure Preview ---
Version: 2
Keys in Plan JSON: input, weeks, version, basePlan, exerciseLibrary

Sample Week 1 (Day 1) Exercises:
[
  {
    "rpe": 7,
    "note": "Initial session - find your baseline load.",
    "reps": "6-10",
    "sets": 3,
    "weight": 0,
    "muscleId": 12,
    "intensity": 72.5,
    "patternId": 30,
    "exerciseId": "61"
  },
  {
    "rpe": 7,
    "note": "Initial session - find your baseline load.",
    "reps": "6-10",
    "sets": 3,
    "weight": 0,
    "muscleId": 11,
    "intensity": 72.5,
    "patternId": 3,
    "exerciseId": "3"
  }
]

--- API Info ---
Endpoint: GET /api/plans/active
Authentication: Required (Bearer Token)
